[2025-05-10 17:42:59] [INFO] ============================================================
[2025-05-10 17:42:59] [INFO]     COMMIT VERIFICATION STARTED
[2025-05-10 17:42:59] [INFO] ============================================================
[2025-05-10 17:42:59] [INFO] Fetching latest changes from remote repository...
[2025-05-10 17:43:05] [INFO] Local commit hash: 35cfd32c87d1250497cb479d92739157fbb21d4f
[2025-05-10 17:43:05] [INFO] Remote commit hash: db04660595c6358a91481d79c836fefe2d8dac31
[2025-05-10 17:43:06] [WARNING] WARNING: Found unpushed commits that need synchronization:
[2025-05-10 17:43:06] [UNPUSHED]   35cfd32c Automatic system update - 2025-05-10 17:38:57
[2025-05-10 17:43:06] [UNPUSHED]   40b19927 docs: add initial project documentation and implementation files
[2025-05-10 17:43:06] [UNPUSHED]   6bc11fc9 init
[2025-05-10 17:43:06] [ACTION] Executing force push to ensure perfect synchronization...
[2025-05-10 17:43:21] [PUSH] To https://github.com/EchoCog/oj7.git
[2025-05-10 17:43:21] [PUSH]  + db046605...35cfd32c main -> main (forced update)
[2025-05-10 17:43:23] [SUCCESS] FORCE PUSH SUCCESSFUL! Repository is now synchronized!
[2025-05-10 17:43:23] [INFO] ============================================================
[2025-05-10 17:43:23] [INFO]     RECENT COMMIT HISTORY
[2025-05-10 17:43:23] [INFO] ============================================================
[2025-05-10 17:43:23] [HISTORY] 35cfd32c - drzo, 4 minutes ago : Automatic system update - 2025-05-10 17:38:57
[2025-05-10 17:43:24] [HISTORY] 40b19927 - drzo, 2 hours ago : docs: add initial project documentation and implementation files
[2025-05-10 17:43:24] [HISTORY] 6bc11fc9 - drzo, 3 hours ago : init
[2025-05-10 17:43:25] [INFO] ============================================================
[2025-05-10 17:43:25] [INFO]     REPOSITORY STATUS
[2025-05-10 17:43:25] [INFO] ============================================================
[2025-05-10 17:43:27] [STATUS] Repository has uncommitted changes:
[2025-05-10 17:43:27] [CHANGE] ?? tools/auto-commit.log
[2025-05-10 17:43:27] [CHANGE] ?? tools/commit-verification.log
[2025-05-10 17:43:28] [ACTION] Performing automatic commit of detected changes...
[2025-05-10 17:43:39] [SUCCESS] Auto-commit of detected changes complete!
[2025-05-10 17:43:39] [INFO] ============================================================
[2025-05-10 17:43:39] [INFO]     VERIFICATION SUMMARY
[2025-05-10 17:43:39] [INFO] ============================================================
[2025-05-10 17:43:39] [INFO] Verification Timestamp: 2025-05-10 17:43:39
[2025-05-10 17:43:39] [INFO] Synchronization Status: FORCE-SYNCHRONIZED
[2025-05-10 17:43:39] [INFO] Local Branch: main
[2025-05-10 17:43:40] [INFO] Remote Origin: https://github.com/EchoCog/oj7.git
[2025-05-10 17:43:40] [INFO] ============================================================
[2025-05-10 17:43:40] [INFO]     VERIFICATION COMPLETED
[2025-05-10 17:43:40] [INFO] ============================================================
[2025-05-10 18:16:23] [INFO] ============================================================
[2025-05-10 18:16:23] [INFO]     COMMIT VERIFICATION STARTED
[2025-05-10 18:16:23] [INFO] ============================================================
[2025-05-10 18:16:23] [INFO] Fetching latest changes from remote repository...
[2025-05-10 18:16:28] [INFO] Local commit hash: 723c4c0066062c799dc16c5eb0965fe76627aec1
[2025-05-10 18:16:28] [INFO] Remote commit hash: 723c4c0066062c799dc16c5eb0965fe76627aec1
[2025-05-10 18:16:28] [SUCCESS] SUCCESS! Local repository is in perfect synchronization with remote!
[2025-05-10 18:16:28] [INFO] ============================================================
[2025-05-10 18:16:28] [INFO]     RECENT COMMIT HISTORY
[2025-05-10 18:16:28] [INFO] ============================================================
[2025-05-10 18:16:29] [HISTORY] 723c4c00 - drzo, 28 seconds ago : Automatic system update - 2025-05-10 18:15:50
[2025-05-10 18:16:29] [HISTORY] 727a73bf - drzo, 33 minutes ago : Automatic sync of detected changes - 2025-05-10 17:43:31
[2025-05-10 18:16:29] [HISTORY] 35cfd32c - drzo, 37 minutes ago : Automatic system update - 2025-05-10 17:38:57
[2025-05-10 18:16:29] [HISTORY] 40b19927 - drzo, 3 hours ago : docs: add initial project documentation and implementation files
[2025-05-10 18:16:29] [HISTORY] 6bc11fc9 - drzo, 4 hours ago : init
[2025-05-10 18:16:29] [INFO] ============================================================
[2025-05-10 18:16:30] [INFO]     REPOSITORY STATUS
[2025-05-10 18:16:30] [INFO] ============================================================
[2025-05-10 18:16:31] [STATUS] Repository has uncommitted changes:
[2025-05-10 18:16:31] [CHANGE]  M tools/auto-commit.log
[2025-05-10 18:16:31] [CHANGE]  M tools/commit-verification.log
[2025-05-10 18:16:31] [ACTION] Performing automatic commit of detected changes...
[2025-05-10 18:16:37] [SUCCESS] Auto-commit of detected changes complete!
[2025-05-10 18:16:37] [INFO] ============================================================
[2025-05-10 18:16:37] [INFO]     VERIFICATION SUMMARY
[2025-05-10 18:16:37] [INFO] ============================================================
[2025-05-10 18:16:37] [INFO] Verification Timestamp: 2025-05-10 18:16:37
[2025-05-10 18:16:37] [INFO] Synchronization Status: SYNCHRONIZED
[2025-05-10 18:16:37] [INFO] Local Branch: main
[2025-05-10 18:16:38] [INFO] Remote Origin: https://github.com/EchoCog/oj7.git
[2025-05-10 18:16:38] [INFO] ============================================================
[2025-05-10 18:16:38] [INFO]     VERIFICATION COMPLETED
[2025-05-10 18:16:38] [INFO] ============================================================
